MyApplication/app/build/intermediates/manifest_merge_blame_file/debug/manifest-merger-blame-debug-report.txt
1<?xml version="1.0" encoding="utf-8"?>
2<manifest xmlns:android="http://schemas.android.com/apk/res/android"
3    package="com.example.myapplication"
4    android:versionCode="1"
5    android:versionName="1.0" >
6
7    <uses-sdk
8        android:minSdkVersion="26"
8-->src\main\AndroidManifest.xml
9        android:targetSdkVersion="30" />
9-->src\main\AndroidManifest.xml
10
11    <uses-permission android:name="android.permission.WAKE_LOCK" />
11-->src\main\AndroidManifest.xml:5:5-68
11-->src\main\AndroidManifest.xml:5:22-65
12
13    <uses-feature android:name="android.hardware.type.watch" />
13-->src\main\AndroidManifest.xml:7:5-64
13-->src\main\AndroidManifest.xml:7:19-61
14
15    <uses-permission android:name="android.permission.INTERNET" />
15-->src\main\AndroidManifest.xml:9:5-67
15-->src\main\AndroidManifest.xml:9:22-64
16
17    <!-- Although the *SdkVersion is captured in gradle build files, this is required for non gradle builds -->
18    <!-- <uses-sdk android:minSdkVersion="14"/> -->
19    <uses-permission android:name="android.permission.ACCESS_NETWORK_STATE" /> <!-- Required by older versions of Google Play services to create IID tokens -->
19-->[com.google.firebase:firebase-database:19.6.0] AndroidManifest.xml:25:5-79
19-->[com.google.firebase:firebase-database:19.6.0] AndroidManifest.xml:25:22-76
20    <uses-permission android:name="com.google.android.c2dm.permission.RECEIVE" />
20-->[com.google.firebase:firebase-iid:21.0.1] AndroidManifest.xml:26:5-82
20-->[com.google.firebase:firebase-iid:21.0.1] AndroidManifest.xml:26:22-79
21    <uses-permission android:name="com.google.android.finsky.permission.BIND_GET_INSTALL_REFERRER_SERVICE" />
21-->[com.google.android.gms:play-services-measurement:18.0.0] AndroidManifest.xml:26:5-110
21-->[com.google.android.gms:play-services-measurement:18.0.0] AndroidManifest.xml:26:22-107
22
23    <application
23-->src\main\AndroidManifest.xml:11:5-40:19
24        android:allowBackup="true"
24-->src\main\AndroidManifest.xml:12:9-35
25        android:appComponentFactory="androidx.core.app.CoreComponentFactory"
25-->[androidx.core:core:1.3.1] AndroidManifest.xml:24:18-86
26        android:debuggable="true"
27        android:extractNativeLibs="false"
28        android:icon="@mipmap/handsvirus75"
28-->src\main\AndroidManifest.xml:13:9-44
29        android:label="@string/app_name"
29-->src\main\AndroidManifest.xml:14:9-41
30        android:roundIcon="@mipmap/handsvirus75"
30-->src\main\AndroidManifest.xml:15:9-49
31        android:supportsRtl="true"
31-->src\main\AndroidManifest.xml:16:9-35
32        android:testOnly="true"
33        android:theme="@style/Theme.MyApplication" >
33-->src\main\AndroidManifest.xml:17:9-51
34        <uses-library
34-->src\main\AndroidManifest.xml:18:9-20:40
35            android:name="com.google.android.wearable"
35-->src\main\AndroidManifest.xml:19:13-55
36            android:required="false" />
36-->src\main\AndroidManifest.xml:20:13-37
37
38        <meta-data
38-->src\main\AndroidManifest.xml:22:9-24:36
39            android:name="com.google.android.wearable.standalone"
39-->src\main\AndroidManifest.xml:23:13-66
40            android:value="true" />
40-->src\main\AndroidManifest.xml:24:13-33
41
42        <activity
42-->src\main\AndroidManifest.xml:26:9-28:65
43            android:name="com.example.myapplication.ui.pledges_list"
43-->src\main\AndroidManifest.xml:27:13-44
44            android:label="@string/title_activity_pldge_list" />
44-->src\main\AndroidManifest.xml:28:13-62
45        <activity android:name="com.example.myapplication.ui.MainActivity" >
45-->src\main\AndroidManifest.xml:30:9-36:20
45-->src\main\AndroidManifest.xml:30:19-50
46            <intent-filter>
46-->src\main\AndroidManifest.xml:31:13-35:29
47                <action android:name="android.intent.action.MAIN" />
47-->src\main\AndroidManifest.xml:32:17-69
47-->src\main\AndroidManifest.xml:32:25-66
48
49                <category android:name="android.intent.category.LAUNCHER" />
49-->src\main\AndroidManifest.xml:34:17-77
49-->src\main\AndroidManifest.xml:34:27-74
50            </intent-filter>
51        </activity>
52        <activity
52-->src\main\AndroidManifest.xml:37:9-39:62
53            android:name="com.example.myapplication.ui.PledgerActivity"
53-->src\main\AndroidManifest.xml:38:13-47
54            android:label="@string/title_activity_pledger" />
54-->src\main\AndroidManifest.xml:39:13-59
55
56        <service
56-->[com.google.firebase:firebase-database:19.6.0] AndroidManifest.xml:29:9-35:19
57            android:name="com.google.firebase.components.ComponentDiscoveryService"
57-->[com.google.firebase:firebase-database:19.6.0] AndroidManifest.xml:30:13-84
58            android:directBootAware="true"
58-->[com.google.firebase:firebase-common:19.5.0] AndroidManifest.xml:35:13-43
59            android:exported="false" >
59-->[com.google.firebase:firebase-database:19.6.0] AndroidManifest.xml:31:13-37
60            <meta-data
60-->[com.google.firebase:firebase-database:19.6.0] AndroidManifest.xml:32:13-34:85
61                android:name="com.google.firebase.components:com.google.firebase.database.DatabaseRegistrar"
61-->[com.google.firebase:firebase-database:19.6.0] AndroidManifest.xml:33:17-109
62                android:value="com.google.firebase.components.ComponentRegistrar" />
62-->[com.google.firebase:firebase-database:19.6.0] AndroidManifest.xml:34:17-82
63            <meta-data
63-->[com.google.firebase:firebase-firestore:22.0.1] AndroidManifest.xml:20:13-22:85
64                android:name="com.google.firebase.components:com.google.firebase.firestore.FirestoreRegistrar"
64-->[com.google.firebase:firebase-firestore:22.0.1] AndroidManifest.xml:21:17-111
65                android:value="com.google.firebase.components.ComponentRegistrar" />
65-->[com.google.firebase:firebase-firestore:22.0.1] AndroidManifest.xml:22:17-82
66            <meta-data
66-->[com.google.firebase:firebase-messaging:21.0.1] AndroidManifest.xml:39:13-41:85
67                android:name="com.google.firebase.components:com.google.firebase.messaging.FirebaseMessagingRegistrar"
67-->[com.google.firebase:firebase-messaging:21.0.1] AndroidManifest.xml:40:17-119
68                android:value="com.google.firebase.components.ComponentRegistrar" />
68-->[com.google.firebase:firebase-messaging:21.0.1] AndroidManifest.xml:41:17-82
69            <meta-data
69-->[com.google.firebase:firebase-iid:21.0.1] AndroidManifest.xml:32:13-34:85
70                android:name="com.google.firebase.components:com.google.firebase.iid.Registrar"
70-->[com.google.firebase:firebase-iid:21.0.1] AndroidManifest.xml:33:17-96
71                android:value="com.google.firebase.components.ComponentRegistrar" />
71-->[com.google.firebase:firebase-iid:21.0.1] AndroidManifest.xml:34:17-82
72            <meta-data
72-->[com.google.firebase:firebase-auth:20.0.1] AndroidManifest.xml:77:13-79:85
73                android:name="com.google.firebase.components:com.google.firebase.auth.FirebaseAuthRegistrar"
73-->[com.google.firebase:firebase-auth:20.0.1] AndroidManifest.xml:78:17-109
74                android:value="com.google.firebase.components.ComponentRegistrar" />
74-->[com.google.firebase:firebase-auth:20.0.1] AndroidManifest.xml:79:17-82
75            <meta-data
75-->[com.google.firebase:firebase-datatransport:17.0.10] AndroidManifest.xml:28:13-30:85
76                android:name="com.google.firebase.components:com.google.firebase.datatransport.TransportRegistrar"
76-->[com.google.firebase:firebase-datatransport:17.0.10] AndroidManifest.xml:29:17-115
77                android:value="com.google.firebase.components.ComponentRegistrar" />
77-->[com.google.firebase:firebase-datatransport:17.0.10] AndroidManifest.xml:30:17-82
78            <meta-data
78-->[com.google.android.gms:play-services-measurement-api:18.0.0] AndroidManifest.xml:30:13-32:85
79                android:name="com.google.firebase.components:com.google.firebase.analytics.connector.internal.AnalyticsConnectorRegistrar"
79-->[com.google.android.gms:play-services-measurement-api:18.0.0] AndroidManifest.xml:31:17-139
80                android:value="com.google.firebase.components.ComponentRegistrar" />
80-->[com.google.android.gms:play-services-measurement-api:18.0.0] AndroidManifest.xml:32:17-82
81            <meta-data
81-->[com.google.firebase:firebase-installations:16.3.5] AndroidManifest.xml:18:13-20:85
82                android:name="com.google.firebase.components:com.google.firebase.installations.FirebaseInstallationsRegistrar"
82-->[com.google.firebase:firebase-installations:16.3.5] AndroidManifest.xml:19:17-127
83                android:value="com.google.firebase.components.ComponentRegistrar" />
83-->[com.google.firebase:firebase-installations:16.3.5] AndroidManifest.xml:20:17-82
84            <!--
85                This registrar is not defined in the dynamic-module-support sdk itself to allow non-firebase
86                clients to use it as well, by defining this registrar in their own core/common library.
87            -->
88            <meta-data
88-->[com.google.firebase:firebase-common:19.5.0] AndroidManifest.xml:43:13-45:85
89                android:name="com.google.firebase.components:com.google.firebase.dynamicloading.DynamicLoadingRegistrar"
89-->[com.google.firebase:firebase-common:19.5.0] AndroidManifest.xml:44:17-121
90                android:value="com.google.firebase.components.ComponentRegistrar" />
90-->[com.google.firebase:firebase-common:19.5.0] AndroidManifest.xml:45:17-82
91        </service>
92        <!--
93             FirebaseMessagingService performs security checks at runtime,
94             but set to not exported to explicitly avoid allowing another app to call it.
95        -->
96        <service
96-->[com.google.firebase:firebase-messaging:21.0.1] AndroidManifest.xml:28:9-35:19
97            android:name="com.google.firebase.messaging.FirebaseMessagingService"
97-->[com.google.firebase:firebase-messaging:21.0.1] AndroidManifest.xml:29:13-82
98            android:directBootAware="true"
98-->[com.google.firebase:firebase-messaging:21.0.1] AndroidManifest.xml:30:13-43
99            android:exported="false" >
99-->[com.google.firebase:firebase-messaging:21.0.1] AndroidManifest.xml:31:13-37
100            <intent-filter android:priority="-500" >
100-->[com.google.firebase:firebase-messaging:21.0.1] AndroidManifest.xml:32:13-34:29
100-->[com.google.firebase:firebase-messaging:21.0.1] AndroidManifest.xml:32:28-51
101                <action android:name="com.google.firebase.MESSAGING_EVENT" />
101-->[com.google.firebase:firebase-messaging:21.0.1] AndroidManifest.xml:33:17-78
101-->[com.google.firebase:firebase-messaging:21.0.1] AndroidManifest.xml:33:25-75
102            </intent-filter>
103        </service>
104
105        <receiver
105-->[com.google.firebase:firebase-iid:21.0.1] AndroidManifest.xml:37:9-44:20
106            android:name="com.google.firebase.iid.FirebaseInstanceIdReceiver"
106-->[com.google.firebase:firebase-iid:21.0.1] AndroidManifest.xml:38:13-78
107            android:exported="true"
107-->[com.google.firebase:firebase-iid:21.0.1] AndroidManifest.xml:39:13-36
108            android:permission="com.google.android.c2dm.permission.SEND" >
108-->[com.google.firebase:firebase-iid:21.0.1] AndroidManifest.xml:40:13-73
109            <intent-filter>
109-->[com.google.firebase:firebase-iid:21.0.1] AndroidManifest.xml:41:13-43:29
110                <action android:name="com.google.android.c2dm.intent.RECEIVE" />
110-->[com.google.firebase:firebase-iid:21.0.1] AndroidManifest.xml:42:17-81
110-->[com.google.firebase:firebase-iid:21.0.1] AndroidManifest.xml:42:25-78
111            </intent-filter>
112        </receiver>
113        <receiver
113-->[com.google.android.gms:play-services-measurement:18.0.0] AndroidManifest.xml:29:9-33:20
114            android:name="com.google.android.gms.measurement.AppMeasurementReceiver"
114-->[com.google.android.gms:play-services-measurement:18.0.0] AndroidManifest.xml:30:13-85
115            android:enabled="true"
115-->[com.google.android.gms:play-services-measurement:18.0.0] AndroidManifest.xml:31:13-35
116            android:exported="false" >
116-->[com.google.android.gms:play-services-measurement:18.0.0] AndroidManifest.xml:32:13-37
117        </receiver>
118
119        <service
119-->[com.google.android.gms:play-services-measurement:18.0.0] AndroidManifest.xml:35:9-38:40
120            android:name="com.google.android.gms.measurement.AppMeasurementService"
120-->[com.google.android.gms:play-services-measurement:18.0.0] AndroidManifest.xml:36:13-84
121            android:enabled="true"
121-->[com.google.android.gms:play-services-measurement:18.0.0] AndroidManifest.xml:37:13-35
122            android:exported="false" />
122-->[com.google.android.gms:play-services-measurement:18.0.0] AndroidManifest.xml:38:13-37
123        <service
123-->[com.google.android.gms:play-services-measurement:18.0.0] AndroidManifest.xml:39:9-43:72
124            android:name="com.google.android.gms.measurement.AppMeasurementJobService"
124-->[com.google.android.gms:play-services-measurement:18.0.0] AndroidManifest.xml:40:13-87
125            android:enabled="true"
125-->[com.google.android.gms:play-services-measurement:18.0.0] AndroidManifest.xml:41:13-35
126            android:exported="false"
126-->[com.google.android.gms:play-services-measurement:18.0.0] AndroidManifest.xml:42:13-37
127            android:permission="android.permission.BIND_JOB_SERVICE" />
127-->[com.google.android.gms:play-services-measurement:18.0.0] AndroidManifest.xml:43:13-69
128
129        <activity
129-->[com.google.firebase:firebase-auth:20.0.1] AndroidManifest.xml:27:9-44:20
130            android:name="com.google.firebase.auth.internal.GenericIdpActivity"
130-->[com.google.firebase:firebase-auth:20.0.1] AndroidManifest.xml:28:13-80
131            android:excludeFromRecents="true"
131-->[com.google.firebase:firebase-auth:20.0.1] AndroidManifest.xml:29:13-46
132            android:exported="true"
132-->[com.google.firebase:firebase-auth:20.0.1] AndroidManifest.xml:30:13-36
133            android:launchMode="singleTask"
133-->[com.google.firebase:firebase-auth:20.0.1] AndroidManifest.xml:31:13-44
134            android:theme="@android:style/Theme.Translucent.NoTitleBar" >
134-->[com.google.firebase:firebase-auth:20.0.1] AndroidManifest.xml:32:13-72
135            <intent-filter>
135-->[com.google.firebase:firebase-auth:20.0.1] AndroidManifest.xml:33:13-43:29
136                <action android:name="android.intent.action.VIEW" />
136-->[com.google.firebase:firebase-auth:20.0.1] AndroidManifest.xml:34:17-69
136-->[com.google.firebase:firebase-auth:20.0.1] AndroidManifest.xml:34:25-66
137
138                <category android:name="android.intent.category.DEFAULT" />
138-->[com.google.firebase:firebase-auth:20.0.1] AndroidManifest.xml:36:17-76
138-->[com.google.firebase:firebase-auth:20.0.1] AndroidManifest.xml:36:27-73
139                <category android:name="android.intent.category.BROWSABLE" />
139-->[com.google.firebase:firebase-auth:20.0.1] AndroidManifest.xml:37:17-78
139-->[com.google.firebase:firebase-auth:20.0.1] AndroidManifest.xml:37:27-75
140
141                <data
141-->[com.google.firebase:firebase-auth:20.0.1] AndroidManifest.xml:39:17-42:51
142                    android:host="firebase.auth"
142-->[com.google.firebase:firebase-auth:20.0.1] AndroidManifest.xml:40:21-49
143                    android:path="/"
143-->[com.google.firebase:firebase-auth:20.0.1] AndroidManifest.xml:41:21-37
144                    android:scheme="genericidp" />
144-->[com.google.firebase:firebase-auth:20.0.1] AndroidManifest.xml:42:21-48
145            </intent-filter>
146        </activity>
147        <activity
147-->[com.google.firebase:firebase-auth:20.0.1] AndroidManifest.xml:45:9-62:20
148            android:name="com.google.firebase.auth.internal.RecaptchaActivity"
148-->[com.google.firebase:firebase-auth:20.0.1] AndroidManifest.xml:46:13-79
149            android:excludeFromRecents="true"
149-->[com.google.firebase:firebase-auth:20.0.1] AndroidManifest.xml:47:13-46
150            android:exported="true"
150-->[com.google.firebase:firebase-auth:20.0.1] AndroidManifest.xml:48:13-36
151            android:launchMode="singleTask"
151-->[com.google.firebase:firebase-auth:20.0.1] AndroidManifest.xml:49:13-44
152            android:theme="@android:style/Theme.Translucent.NoTitleBar" >
152-->[com.google.firebase:firebase-auth:20.0.1] AndroidManifest.xml:50:13-72
153            <intent-filter>
153-->[com.google.firebase:firebase-auth:20.0.1] AndroidManifest.xml:51:13-61:29
154                <action android:name="android.intent.action.VIEW" />
154-->[com.google.firebase:firebase-auth:20.0.1] AndroidManifest.xml:34:17-69
154-->[com.google.firebase:firebase-auth:20.0.1] AndroidManifest.xml:34:25-66
155
156                <category android:name="android.intent.category.DEFAULT" />
156-->[com.google.firebase:firebase-auth:20.0.1] AndroidManifest.xml:36:17-76
156-->[com.google.firebase:firebase-auth:20.0.1] AndroidManifest.xml:36:27-73
157                <category android:name="android.intent.category.BROWSABLE" />
157-->[com.google.firebase:firebase-auth:20.0.1] AndroidManifest.xml:37:17-78
157-->[com.google.firebase:firebase-auth:20.0.1] AndroidManifest.xml:37:27-75
158
159                <data
159-->[com.google.firebase:firebase-auth:20.0.1] AndroidManifest.xml:39:17-42:51
160                    android:host="firebase.auth"
160-->[com.google.firebase:firebase-auth:20.0.1] AndroidManifest.xml:40:21-49
161                    android:path="/"
161-->[com.google.firebase:firebase-auth:20.0.1] AndroidManifest.xml:41:21-37
162                    android:scheme="recaptcha" />
162-->[com.google.firebase:firebase-auth:20.0.1] AndroidManifest.xml:42:21-48
163            </intent-filter>
164        </activity>
165
166        <service
166-->[com.google.firebase:firebase-auth:20.0.1] AndroidManifest.xml:64:9-73:19
167            android:name="com.google.firebase.auth.api.fallback.service.FirebaseAuthFallbackService"
167-->[com.google.firebase:firebase-auth:20.0.1] AndroidManifest.xml:65:13-101
168            android:enabled="true"
168-->[com.google.firebase:firebase-auth:20.0.1] AndroidManifest.xml:66:13-35
169            android:exported="false" >
169-->[com.google.firebase:firebase-auth:20.0.1] AndroidManifest.xml:67:13-37
170            <intent-filter>
170-->[com.google.firebase:firebase-auth:20.0.1] AndroidManifest.xml:68:13-72:29
171                <action android:name="com.google.firebase.auth.api.gms.service.START" />
171-->[com.google.firebase:firebase-auth:20.0.1] AndroidManifest.xml:69:17-89
171-->[com.google.firebase:firebase-auth:20.0.1] AndroidManifest.xml:69:25-86
172
173                <category android:name="android.intent.category.DEFAULT" />
173-->[com.google.firebase:firebase-auth:20.0.1] AndroidManifest.xml:36:17-76
173-->[com.google.firebase:firebase-auth:20.0.1] AndroidManifest.xml:36:27-73
174            </intent-filter>
175        </service>
176
177        <activity
177-->[com.google.android.gms:play-services-base:17.1.0] AndroidManifest.xml:23:9-26:75
178            android:name="com.google.android.gms.common.api.GoogleApiActivity"
178-->[com.google.android.gms:play-services-base:17.1.0] AndroidManifest.xml:24:13-79
179            android:exported="false"
179-->[com.google.android.gms:play-services-base:17.1.0] AndroidManifest.xml:25:13-37
180            android:theme="@android:style/Theme.Translucent.NoTitleBar" />
180-->[com.google.android.gms:play-services-base:17.1.0] AndroidManifest.xml:26:13-72
181
182        <provider
182-->[com.google.firebase:firebase-common:19.5.0] AndroidManifest.xml:26:9-31:39
183            android:name="com.google.firebase.provider.FirebaseInitProvider"
183-->[com.google.firebase:firebase-common:19.5.0] AndroidManifest.xml:27:13-77
184            android:authorities="com.example.myapplication.firebaseinitprovider"
184-->[com.google.firebase:firebase-common:19.5.0] AndroidManifest.xml:28:13-72
185            android:directBootAware="true"
185-->[com.google.firebase:firebase-common:19.5.0] AndroidManifest.xml:29:13-43
186            android:exported="false"
186-->[com.google.firebase:firebase-common:19.5.0] AndroidManifest.xml:30:13-37
187            android:initOrder="100" />
187-->[com.google.firebase:firebase-common:19.5.0] AndroidManifest.xml:31:13-36
188
189        <meta-data
189-->[com.google.android.gms:play-services-basement:17.1.0] AndroidManifest.xml:23:9-25:69
190            android:name="com.google.android.gms.version"
190-->[com.google.android.gms:play-services-basement:17.1.0] AndroidManifest.xml:24:13-58
191            android:value="@integer/google_play_services_version" />
191-->[com.google.android.gms:play-services-basement:17.1.0] AndroidManifest.xml:25:13-66
192
193        <service
193-->[com.google.android.datatransport:transport-backend-cct:2.3.3] AndroidManifest.xml:29:9-35:19
194            android:name="com.google.android.datatransport.runtime.backends.TransportBackendDiscovery"
194-->[com.google.android.datatransport:transport-backend-cct:2.3.3] AndroidManifest.xml:30:13-103
195            android:exported="false" >
195-->[com.google.android.datatransport:transport-backend-cct:2.3.3] AndroidManifest.xml:31:13-37
196            <meta-data
196-->[com.google.android.datatransport:transport-backend-cct:2.3.3] AndroidManifest.xml:32:13-34:39
197                android:name="backend:com.google.android.datatransport.cct.CctBackendFactory"
197-->[com.google.android.datatransport:transport-backend-cct:2.3.3] AndroidManifest.xml:33:17-94
198                android:value="cct" />
198-->[com.google.android.datatransport:transport-backend-cct:2.3.3] AndroidManifest.xml:34:17-36
199        </service>
200        <service
200-->[com.google.android.datatransport:transport-runtime:2.2.5] AndroidManifest.xml:26:9-30:19
201            android:name="com.google.android.datatransport.runtime.scheduling.jobscheduling.JobInfoSchedulerService"
201-->[com.google.android.datatransport:transport-runtime:2.2.5] AndroidManifest.xml:27:13-117
202            android:exported="false"
202-->[com.google.android.datatransport:transport-runtime:2.2.5] AndroidManifest.xml:28:13-37
203            android:permission="android.permission.BIND_JOB_SERVICE" >
203-->[com.google.android.datatransport:transport-runtime:2.2.5] AndroidManifest.xml:29:13-69
204        </service>
205
206        <receiver
206-->[com.google.android.datatransport:transport-runtime:2.2.5] AndroidManifest.xml:32:9-34:40
207            android:name="com.google.android.datatransport.runtime.scheduling.jobscheduling.AlarmManagerSchedulerBroadcastReceiver"
207-->[com.google.android.datatransport:transport-runtime:2.2.5] AndroidManifest.xml:33:13-132
208            android:exported="false" />
208-->[com.google.android.datatransport:transport-runtime:2.2.5] AndroidManifest.xml:34:13-37
209    </application>
210
211</manifest>